<?xml version="1.0" encoding="UTF-8"?>
<!-- Generated by org.testng.reporters.JUnitReportReporter -->
<testsuite hostname="Neevetha" failures="0" tests="1" name="scripts.AddingCoursetocart" time="23.397" errors="0" timestamp="2021-10-20T02:39:01 IST" skipped="0">
  <testcase classname="scripts.AddingCoursetocart" name="course" time="23.397"/>
  <system-out/>
</testsuite> <!-- scripts.AddingCoursetocart -->
